1748854092 ------------------------------------------------------------
1748854092 InitGame: \fs_game\mods/delta_networks_kit\fxfrustumCutoff\1000\g_compassShowEnemies\0\g_gametype\tdm\gamename\Plutonium T4 Multiplayer (r4855)\mapname\mp_downfall\penetrationCount\5\protocol\101\shortversion\1\sv_allowAnonymous\0\sv_disableClientConsole\0\sv_floodprotect\4\sv_hostname\Call of Duty - T4 - deltanetworks.au\sv_maxclients\16\sv_maxPing\0\sv_maxRate\25000\sv_minPing\0\sv_privateClients\0\sv_punkbuster\0\sv_pure\0\sv_voice\1\ui_maxclients\16\weapon_load_order\default\g_logTimeStampInSeconds\1
1748854115 J;3801668;0;[XN]Xevrac
1748854116 JT;3801668;0;axis;[XN]Xevrac;
1748854134 Q;3801668;0;[XN]Xevrac
1748854142 J;3801668;0;[XN]Xevrac
1748854144 JT;3801668;0;allies;[XN]Xevrac;
1748854164 W;3801668;0;[XN]Xevrac
1748854202 ExitLevel: executed
1748854203 ShutdownGame:
1748854203 ------------------------------------------------------------
1748854207 ------------------------------------------------------------
1748854207 InitGame: \fs_game\mods/delta_networks_kit\fxfrustumCutoff\1000\g_compassShowEnemies\0\g_gametype\twar\gamename\Plutonium T4 Multiplayer (r4855)\mapname\mp_downfall\penetrationCount\5\protocol\101\shortversion\1\sv_allowAnonymous\0\sv_disableClientConsole\0\sv_floodprotect\4\sv_hostname\Call of Duty - T4 - deltanetworks.au\sv_maxclients\16\sv_maxPing\0\sv_maxRate\25000\sv_minPing\0\sv_privateClients\0\sv_punkbuster\0\sv_pure\0\sv_voice\1\ui_maxclients\16\weapon_load_order\default\g_logTimeStampInSeconds\1
1748854225 J;3801668;0;[XN]Xevrac
1748854227 JT;3801668;0;axis;[XN]Xevrac;
1748854405 Q;3801668;0;[XN]Xevrac
1748854414 J;3801668;0;[XN]Xevrac
1748854415 JT;3801668;0;allies;[XN]Xevrac;
1748854421 VD;111;;3801668;0;allies;[XN]Xevrac;frag_grenade_mp;9;MOD_GRENADE_SPLASH;none
1748854436 W;3801668;0;[XN]Xevrac
1748854474 ExitLevel: executed
1748854474 ShutdownGame:
1748854474 ------------------------------------------------------------
1748854728 ------------------------------------------------------------
1748854728 InitGame: \fs_game\mods/delta_networks_kit\fxfrustumCutoff\1000\g_compassShowEnemies\0\g_gametype\tdm\gamename\Plutonium T4 Multiplayer (r4855)\mapname\mp_downfall\penetrationCount\5\protocol\101\shortversion\1\sv_allowAnonymous\0\sv_disableClientConsole\0\sv_floodprotect\4\sv_hostname\Call of Duty - T4 - deltanetworks.au\sv_maxclients\16\sv_maxPing\0\sv_maxRate\25000\sv_minPing\0\sv_privateClients\0\sv_punkbuster\0\sv_pure\0\sv_voice\1\ui_maxclients\16\weapon_load_order\default\g_logTimeStampInSeconds\1
1748854747 J;3801668;0;[XN]Xevrac
1748854748 JT;3801668;0;axis;[XN]Xevrac;
1748854787 Q;3801668;0;[XN]Xevrac
1748854795 J;3801668;0;[XN]Xevrac
1748854797 JT;3801668;0;allies;[XN]Xevrac;
1748854816 K;3801668;0;allies;[XN]Xevrac;3801668;-1;allies;[XN]Xevrac;frag_grenade_mp;295;MOD_GRENADE_SPLASH;none
1748854818 W;3801668;0;[XN]Xevrac
1748854856 ExitLevel: executed
1748854856 ShutdownGame:
1748854856 ------------------------------------------------------------
1748856581 ------------------------------------------------------------
1748856581 InitGame: \fs_game\mods/delta_networks_kit\fxfrustumCutoff\1000\g_compassShowEnemies\0\g_gametype\tdm\gamename\Plutonium T4 Multiplayer (r4855)\mapname\mp_downfall\penetrationCount\5\protocol\101\shortversion\1\sv_allowAnonymous\0\sv_disableClientConsole\0\sv_floodprotect\4\sv_hostname\Call of Duty - T4 - deltanetworks.au\sv_maxclients\16\sv_maxPing\0\sv_maxRate\25000\sv_minPing\0\sv_privateClients\0\sv_punkbuster\0\sv_pure\0\sv_voice\1\ui_maxclients\16\weapon_load_order\default\g_logTimeStampInSeconds\1
1748856583 ShutdownGame:
1748856583 ------------------------------------------------------------
1748856786 ------------------------------------------------------------
1748856786 InitGame: \fs_game\mods/delta_networks_kit\fxfrustumCutoff\1000\g_compassShowEnemies\0\g_gametype\tdm\gamename\Plutonium T4 Multiplayer (r4855)\mapname\mp_downfall\penetrationCount\5\protocol\101\shortversion\1\sv_allowAnonymous\0\sv_disableClientConsole\0\sv_floodprotect\4\sv_hostname\Call of Duty - T4 - deltanetworks.au\sv_maxclients\16\sv_maxPing\0\sv_maxRate\25000\sv_minPing\0\sv_privateClients\0\sv_punkbuster\0\sv_pure\0\sv_voice\1\ui_maxclients\16\weapon_load_order\default\g_logTimeStampInSeconds\1
1748856821 J;3807246;0;[XN]hrznz_
1748856823 JT;3807246;0;axis;[XN]hrznz_;
1748856839 Q;3807246;0;[XN]hrznz_
1748856848 J;3807246;0;[XN]hrznz_
1748856849 JT;3807246;0;allies;[XN]hrznz_;
1748856870 W;3807246;0;[XN]hrznz_
1748856883 J;3801668;1;[XN]Xevrac
1748856908 ExitLevel: executed
1748856908 ShutdownGame:
1748856908 ------------------------------------------------------------
1748857726 ------------------------------------------------------------
1748857726 InitGame: \fs_game\/mods/mp_bots\fxfrustumCutoff\1000\g_compassShowEnemies\0\g_gametype\tdm\gamename\Plutonium T4 Multiplayer (r4855)\mapname\mp_downfall\penetrationCount\5\protocol\101\shortversion\1\sv_allowAnonymous\0\sv_disableClientConsole\0\sv_floodprotect\4\sv_hostname\Call of Duty - T4 - deltanetworks.au\sv_maxclients\16\sv_maxPing\0\sv_maxRate\25000\sv_minPing\0\sv_privateClients\0\sv_punkbuster\0\sv_pure\0\sv_voice\1\ui_maxclients\16\weapon_load_order\default\g_logTimeStampInSeconds\1
1748857728 ShutdownGame:
1748857728 ------------------------------------------------------------
1748857794 ------------------------------------------------------------
1748857794 InitGame: \fs_game\/mods/mp_bots\fxfrustumCutoff\1000\g_compassShowEnemies\0\g_gametype\tdm\gamename\Plutonium T4 Multiplayer (r4855)\mapname\mp_downfall\penetrationCount\5\protocol\101\shortversion\1\sv_allowAnonymous\0\sv_disableClientConsole\0\sv_floodprotect\4\sv_hostname\Call of Duty - T4 - deltanetworks.au\sv_maxclients\16\sv_maxPing\0\sv_maxRate\25000\sv_minPing\0\sv_privateClients\0\sv_punkbuster\0\sv_pure\0\sv_voice\1\ui_maxclients\16\weapon_load_order\default\g_logTimeStampInSeconds\1
1748857906 J;3801668;0;[XN]Xevrac
1748857907 JT;3801668;0;axis;[XN]Xevrac;
1748857913 J;3807246;1;[XN]hrznz_
1748857914 JT;3807246;1;allies;[XN]hrznz_;
1748857982 J;1277538174;2;bot0
1748857982 JT;1277538174;2;axis;bot0;
1748857982 J;1277538174;3;bot1
1748857982 JT;1277538174;3;allies;bot1;
1748857982 J;1277538174;4;bot2
1748857982 JT;1277538174;4;allies;bot2;
1748857984 J;1277538174;5;bot3
1748857984 JT;1277538174;5;axis;bot3;
1748857985 D;3807246;1;allies;[XN]hrznz_;1277538174;2;axis;bot0;bar_mp;35;MOD_RIFLE_BULLET;left_arm_upper
1748857985 D;3807246;1;allies;[XN]hrznz_;1277538174;2;axis;bot0;bar_mp;35;MOD_RIFLE_BULLET;torso_upper
1748857986 W;3801668;0;[XN]Xevrac
1748857986 L;3807246;1;[XN]hrznz_
1748857986 W;1277538174;2;bot0
1748857986 L;1277538174;3;bot1
1748857986 L;1277538174;4;bot2
1748857986 W;1277538174;5;bot3
1748857986 K;3807246;1;allies;[XN]hrznz_;1277538174;2;axis;bot0;bar_mp;35;MOD_RIFLE_BULLET;left_arm_upper
1748858035 ExitLevel: executed
1748858036 ShutdownGame:
1748858036 ------------------------------------------------------------
1748858039 ------------------------------------------------------------
1748858039 InitGame: \fs_game\/mods/mp_bots\fxfrustumCutoff\1000\g_compassShowEnemies\0\g_gametype\twar\gamename\Plutonium T4 Multiplayer (r4855)\mapname\mp_downfall\penetrationCount\5\protocol\101\shortversion\1\sv_allowAnonymous\0\sv_disableClientConsole\0\sv_floodprotect\4\sv_hostname\Call of Duty - T4 - deltanetworks.au\sv_maxclients\16\sv_maxPing\0\sv_maxRate\25000\sv_minPing\0\sv_privateClients\0\sv_punkbuster\0\sv_pure\0\sv_voice\1\ui_maxclients\16\weapon_load_order\default\g_logTimeStampInSeconds\1
1748858047 Q;1277538174;2;bot0
1748858047 Q;1277538174;3;bot1
1748858047 Q;1277538174;4;bot2
1748858047 Q;1277538174;5;bot3
1748858053 J;1277538174;2;bot4
1748858053 JT;1277538174;2;allies;bot4;
1748858053 J;1277538174;3;bot5
1748858053 JT;1277538174;3;axis;bot5;
1748858054 J;1277538174;4;bot6
1748858054 JT;1277538174;4;allies;bot6;
1748858054 J;1277538174;5;bot7
1748858054 JT;1277538174;5;axis;bot7;
1748858058 J;3801668;0;[XN]Xevrac
1748858073 D;1277538174;2;allies;bot4;1277538174;5;axis;bot7;type100smg_mp;40;MOD_PISTOL_BULLET;left_leg_lower
1748858073 D;1277538174;2;allies;bot4;1277538174;5;axis;bot7;type100smg_mp;40;MOD_PISTOL_BULLET;left_leg_lower
1748858074 K;1277538174;2;allies;bot4;1277538174;5;axis;bot7;type100smg_mp;40;MOD_PISTOL_BULLET;left_leg_lower
1748858074 JT;3801668;0;allies;[XN]Xevrac;
1748858080 Weapon;1277538174;5;bot7;type100smg_bigammo_mp
1748858080 Weapon;1277538174;5;bot7;type100smg_bigammo_mp
1748858080 Weapon;1277538174;5;bot7;type100smg_bigammo_mp
1748858080 Weapon;1277538174;5;bot7;type100smg_bigammo_mp
1748858081 Weapon;1277538174;5;bot7;type100smg_bigammo_mp
1748858081 Weapon;1277538174;5;bot7;type100smg_bigammo_mp
1748858081 Weapon;1277538174;5;bot7;type100smg_bigammo_mp
1748858081 Weapon;1277538174;5;bot7;type100smg_bigammo_mp
1748858081 Weapon;1277538174;5;bot7;type100smg_bigammo_mp
1748858081 Weapon;1277538174;5;bot7;type100smg_bigammo_mp
1748858081 Weapon;1277538174;5;bot7;type100smg_bigammo_mp
1748858081 Weapon;1277538174;5;bot7;type100smg_bigammo_mp
1748858081 Weapon;1277538174;5;bot7;type100smg_bigammo_mp
1748858081 Weapon;1277538174;5;bot7;type100smg_bigammo_mp
1748858081 Weapon;1277538174;5;bot7;type100smg_bigammo_mp
1748858081 Weapon;1277538174;5;bot7;type100smg_bigammo_mp
1748858081 Weapon;1277538174;5;bot7;type100smg_bigammo_mp
1748858081 Weapon;1277538174;5;bot7;type100smg_bigammo_mp
1748858081 Weapon;1277538174;5;bot7;type100smg_bigammo_mp
1748858081 Weapon;1277538174;5;bot7;type100smg_bigammo_mp
1748858085 D;1277538174;3;axis;bot5;1277538174;2;allies;bot4;type100smg_bigammo_mp;32;MOD_PISTOL_BULLET;left_foot
1748858085 D;1277538174;3;axis;bot5;1277538174;2;allies;bot4;type100smg_bigammo_mp;33;MOD_PISTOL_BULLET;left_leg_lower
1748858085 D;1277538174;3;axis;bot5;1277538174;2;allies;bot4;type100smg_bigammo_mp;34;MOD_PISTOL_BULLET;left_leg_lower
1748858085 K;1277538174;3;axis;bot5;1277538174;2;allies;bot4;type100smg_bigammo_mp;36;MOD_PISTOL_BULLET;left_leg_lower
1748858092 Q;3807246;1;[XN]hrznz_
1748858105 K;1277538174;5;axis;bot7;1277538174;4;allies;bot6;shotgun_mp;135;MOD_MELEE;left_hand
1748858106 Weapon;1277538174;3;bot5;doublebarreledshotgun_mp
1748858107 D;1277538174;3;axis;bot5;1277538174;4;allies;bot6;shotgun_mp;30;MOD_PISTOL_BULLET;right_leg_lower
1748858107 D;1277538174;3;axis;bot5;1277538174;4;allies;bot6;shotgun_mp;30;MOD_PISTOL_BULLET;right_leg_lower
1748858107 D;1277538174;3;axis;bot5;1277538174;4;allies;bot6;shotgun_mp;30;MOD_PISTOL_BULLET;left_leg_upper
1748858107 K;1277538174;3;axis;bot5;1277538174;4;allies;bot6;shotgun_mp;30;MOD_PISTOL_BULLET;right_leg_lower
1748858108 say;1277538174;5;bot7;Got it on fraps!
1748858125 D;1277538174;4;allies;bot6;1277538174;5;axis;bot7;type100smg_mp;40;MOD_PISTOL_BULLET;left_leg_upper
1748858126 D;1277538174;4;allies;bot6;1277538174;5;axis;bot7;type100smg_mp;40;MOD_PISTOL_BULLET;left_leg_upper
1748858126 K;1277538174;4;allies;bot6;1277538174;5;axis;bot7;type100smg_mp;40;MOD_PISTOL_BULLET;torso_lower
1748858139 D;3801668;0;allies;[XN]Xevrac;1277538174;5;axis;bot7;type100smg_mp;28;MOD_HEAD_SHOT;head
1748858139 D;3801668;0;allies;[XN]Xevrac;1277538174;5;axis;bot7;type100smg_mp;28;MOD_HEAD_SHOT;head
1748858139 D;3801668;0;allies;[XN]Xevrac;1277538174;5;axis;bot7;type100smg_mp;28;MOD_HEAD_SHOT;head
1748858139 K;3801668;0;allies;[XN]Xevrac;1277538174;5;axis;bot7;type100smg_mp;20;MOD_PISTOL_BULLET;torso_upper
1748858143 FC;1277538174;2;bot4
1748858144 D;1277538174;2;allies;bot4;1277538174;5;axis;bot7;type100smg_mp;40;MOD_PISTOL_BULLET;left_leg_upper
1748858144 D;1277538174;2;allies;bot4;1277538174;5;axis;bot7;type100smg_mp;40;MOD_PISTOL_BULLET;left_leg_upper
1748858146 K;1277538174;2;allies;bot4;1277538174;5;axis;bot7;type100smg_mp;40;MOD_PISTOL_BULLET;right_leg_lower
1748858149 Weapon;1277538174;3;bot5;doublebarreledshotgun_mp
1748858151 D;1277538174;3;axis;bot5;1277538174;4;allies;bot6;shotgun_mp;22;MOD_PISTOL_BULLET;right_leg_lower
1748858152 D;1277538174;4;allies;bot6;1277538174;3;axis;bot5;doublebarreledshotgun_mp;40;MOD_PISTOL_BULLET;right_foot
1748858152 D;1277538174;4;allies;bot6;1277538174;3;axis;bot5;doublebarreledshotgun_mp;40;MOD_PISTOL_BULLET;right_leg_upper
1748858152 K;1277538174;4;allies;bot6;1277538174;3;axis;bot5;doublebarreledshotgun_mp;40;MOD_PISTOL_BULLET;right_leg_lower
1748858168 D;1277538174;5;axis;bot7;1277538174;2;allies;bot4;type100smg_bigammo_mp;22;MOD_PISTOL_BULLET;left_foot
1748858168 D;1277538174;5;axis;bot7;1277538174;2;allies;bot4;type100smg_bigammo_mp;21;MOD_PISTOL_BULLET;right_leg_lower
1748858168 D;1277538174;5;axis;bot7;1277538174;2;allies;bot4;type100smg_bigammo_mp;24;MOD_PISTOL_BULLET;right_leg_lower
1748858168 D;1277538174;5;axis;bot7;1277538174;2;allies;bot4;type100smg_bigammo_mp;27;MOD_PISTOL_BULLET;right_leg_lower
1748858168 K;1277538174;5;axis;bot7;1277538174;2;allies;bot4;type100smg_bigammo_mp;28;MOD_PISTOL_BULLET;right_leg_lower
1748858169 say;1277538174;5;bot7;bot4 totally just destroyed me!
1748858173 D;1277538174;4;allies;bot6;1277538174;3;axis;bot5;doublebarreledshotgun_mp;40;MOD_PISTOL_BULLET;torso_upper
1748858173 D;1277538174;4;allies;bot6;1277538174;3;axis;bot5;doublebarreledshotgun_mp;40;MOD_PISTOL_BULLET;torso_lower
1748858173 K;1277538174;4;allies;bot6;1277538174;3;axis;bot5;doublebarreledshotgun_mp;40;MOD_PISTOL_BULLET;torso_upper
1748858176 Weapon;1277538174;2;bot4;type100smg_mp
1748858176 Weapon;1277538174;2;bot4;type100smg_mp
1748858176 Weapon;1277538174;2;bot4;type100smg_mp
1748858176 Weapon;1277538174;2;bot4;type100smg_mp
1748858176 Weapon;1277538174;2;bot4;type100smg_mp
1748858176 Weapon;1277538174;2;bot4;type100smg_mp
1748858176 Weapon;1277538174;2;bot4;type100smg_mp
1748858176 Weapon;1277538174;2;bot4;type100smg_mp
1748858186 Weapon;1277538174;5;bot7;type100smg_mp
1748858198 D;1277538174;3;axis;bot5;1277538174;2;allies;bot4;type100smg_bigammo_mp;40;MOD_PISTOL_BULLET;torso_lower
1748858198 D;1277538174;3;axis;bot5;1277538174;2;allies;bot4;type100smg_bigammo_mp;40;MOD_PISTOL_BULLET;torso_lower
1748858198 K;1277538174;3;axis;bot5;1277538174;2;allies;bot4;type100smg_bigammo_mp;40;MOD_PISTOL_BULLET;torso_lower
1748858199 D;1277538174;5;axis;bot7;1277538174;2;allies;bot4;type100smg_bigammo_mp;40;MOD_PISTOL_BULLET;torso_lower
1748858199 D;1277538174;5;axis;bot7;1277538174;2;allies;bot4;type100smg_bigammo_mp;40;MOD_PISTOL_BULLET;torso_lower
1748858199 K;1277538174;5;axis;bot7;1277538174;2;allies;bot4;type100smg_bigammo_mp;40;MOD_PISTOL_BULLET;torso_lower
1748858204 J;1277538174;1;bot8
1748858204 JT;1277538174;1;axis;bot8;
1748858206 J;1277538174;6;bot9
1748858206 JT;1277538174;6;axis;bot9;
1748858208 J;1277538174;7;bot10
1748858208 JT;1277538174;7;allies;bot10;
1748858209 J;1277538174;8;bot11
1748858209 JT;1277538174;8;axis;bot11;
1748858211 J;1277538174;9;bot12
1748858211 JT;1277538174;9;allies;bot12;
1748858214 D;1277538174;2;allies;bot4;1277538174;3;axis;bot5;walther_mp;36;MOD_PISTOL_BULLET;torso_upper
1748858214 D;1277538174;2;allies;bot4;1277538174;3;axis;bot5;walther_mp;36;MOD_PISTOL_BULLET;torso_lower
1748858215 K;1277538174;2;allies;bot4;1277538174;3;axis;bot5;walther_mp;50;MOD_HEAD_SHOT;head
1748858215 D;1277538174;3;axis;bot5;1277538174;4;allies;bot6;shotgun_mp;28;MOD_PISTOL_BULLET;left_foot
1748858215 D;1277538174;3;axis;bot5;1277538174;4;allies;bot6;shotgun_mp;27;MOD_PISTOL_BULLET;right_foot
1748858215 D;1277538174;4;allies;bot6;1277538174;3;axis;bot5;walther_mp;32;MOD_PISTOL_BULLET;right_leg_lower
1748858216 D;1277538174;4;allies;bot6;1277538174;5;axis;bot7;type100smg_mp;56;MOD_HEAD_SHOT;head
1748858216 K;1277538174;4;allies;bot6;1277538174;5;axis;bot7;type100smg_mp;56;MOD_HEAD_SHOT;head
1748858218 D;1277538174;9;allies;bot12;1277538174;8;axis;bot11;m1garand_mp;50;MOD_HEAD_SHOT;head
1748858219 K;1277538174;9;allies;bot12;1277538174;8;axis;bot11;m1garand_mp;51;MOD_HEAD_SHOT;head
1748858220 D;1277538174;5;axis;bot7;1277538174;7;allies;bot10;nambu_mp;29;MOD_PISTOL_BULLET;left_arm_upper
1748858220 D;1277538174;2;allies;bot4;1277538174;8;axis;bot11;m1garand_mp;35;MOD_RIFLE_BULLET;neck
1748858220 D;1277538174;7;allies;bot10;1277538174;1;axis;bot8;m1garand_mp;45;MOD_RIFLE_BULLET;torso_lower
1748858221 Weapon;1277538174;3;bot5;walther_mp
1748858221 D;1277538174;7;allies;bot10;1277538174;5;axis;bot7;type100smg_mp;31;MOD_PISTOL_BULLET;right_leg_lower
1748858221 D;1277538174;7;allies;bot10;1277538174;1;axis;bot8;m1garand_mp;34;MOD_RIFLE_BULLET;torso_lower
1748858221 D;1277538174;7;allies;bot10;1277538174;5;axis;bot7;type100smg_mp;34;MOD_PISTOL_BULLET;right_leg_lower
1748858221 D;1277538174;7;allies;bot10;1277538174;5;axis;bot7;type100smg_mp;40;MOD_PISTOL_BULLET;right_leg_lower
1748858221 D;1277538174;7;allies;bot10;1277538174;5;axis;bot7;type100smg_mp;40;MOD_PISTOL_BULLET;right_leg_lower
1748858221 D;1277538174;2;allies;bot4;1277538174;8;axis;bot11;m1garand_mp;35;MOD_RIFLE_BULLET;torso_upper
1748858221 D;1277538174;7;allies;bot10;1277538174;3;axis;bot5;walther_mp;24;MOD_PISTOL_BULLET;right_hand
1748858221 D;1277538174;7;allies;bot10;1277538174;5;axis;bot7;type100smg_mp;40;MOD_PISTOL_BULLET;right_leg_lower
1748858221 D;1277538174;7;allies;bot10;1277538174;6;axis;bot9;bazooka_mp;80;MOD_PROJECTILE_SPLASH;none
1748858221 D;1277538174;7;allies;bot10;1277538174;5;axis;bot7;type100smg_mp;40;MOD_PISTOL_BULLET;right_leg_lower
1748858221 K;1277538174;7;allies;bot10;1277538174;5;axis;bot7;type100smg_mp;40;MOD_PISTOL_BULLET;right_foot
1748858225 K;1277538174;2;allies;bot4;1277538174;8;axis;bot11;m1garand_mp;49;MOD_HEAD_SHOT;head
1748858227 D;1277538174;4;allies;bot6;1277538174;8;axis;bot11;m1garand_mp;49;MOD_HEAD_SHOT;head
1748858227 D;1277538174;4;allies;bot6;1277538174;8;axis;bot11;m1garand_mp;35;MOD_RIFLE_BULLET;neck
1748858228 K;1277538174;4;allies;bot6;1277538174;8;axis;bot11;m1garand_mp;36;MOD_RIFLE_BULLET;torso_upper
1748858239 FC;1277538174;1;bot8
1748858240 D;1277538174;5;axis;bot7;1277538174;9;allies;bot12;thompson_mp;40;MOD_RIFLE_BULLET;torso_upper
1748858240 D;1277538174;5;axis;bot7;1277538174;9;allies;bot12;thompson_mp;40;MOD_RIFLE_BULLET;torso_upper
1748858240 K;1277538174;5;axis;bot7;1277538174;9;allies;bot12;thompson_mp;40;MOD_RIFLE_BULLET;torso_upper
1748858240 D;1277538174;1;axis;bot8;1277538174;9;allies;bot12;thompson_mp;40;MOD_RIFLE_BULLET;torso_upper
1748858240 D;1277538174;3;axis;bot5;1277538174;9;allies;bot12;thompson_mp;26;MOD_RIFLE_BULLET;torso_lower
1748858240 D;1277538174;1;axis;bot8;1277538174;9;allies;bot12;thompson_mp;40;MOD_RIFLE_BULLET;torso_upper
1748858240 D;1277538174;3;axis;bot5;1277538174;9;allies;bot12;thompson_mp;26;MOD_RIFLE_BULLET;right_leg_upper
1748858241 K;1277538174;1;axis;bot8;1277538174;9;allies;bot12;thompson_mp;40;MOD_RIFLE_BULLET;torso_lower
1748858241 D;1277538174;3;axis;bot5;1277538174;9;allies;bot12;thompson_mp;38;MOD_RIFLE_BULLET;right_leg_lower
1748858242 D;1277538174;9;allies;bot12;1277538174;6;axis;bot9;bazooka_mp;69;MOD_PROJECTILE_SPLASH;none
1748858243 D;1277538174;9;allies;bot12;1277538174;3;axis;bot5;walther_mp;28;MOD_HEAD_SHOT;head
1748858243 K;1277538174;9;allies;bot12;1277538174;3;axis;bot5;walther_mp;20;MOD_PISTOL_BULLET;right_leg_lower
1748858246 D;1277538174;7;allies;bot10;1277538174;6;axis;bot9;mosinrifle_scoped_mp;70;MOD_RIFLE_BULLET;right_leg_upper
1748858247 D;1277538174;7;alli